<?xml version="1.0" encoding="UTF-8"?>
<!-- Generated by org.testng.reporters.JUnitReportReporter -->
<testsuite hostname="DESKTOP-HA83NQG" failures="0" tests="5" name="example.example.tests.GoogleSearchTest" time="40.741" errors="0" timestamp="11 Mar 2023 10:12:34 GMT" skipped="0">
  <testcase classname="example.example.tests.GoogleSearchTest" name="googleVideoSearchTest" time="6.266"/>
  <testcase classname="example.example.tests.GoogleSearchTest" name="googleNewsSearchTest" time="5.828"/>
  <testcase classname="example.example.tests.GoogleSearchTest" name="googleImageSearchTest" time="13.389"/>
  <testcase classname="example.example.tests.GoogleSearchTest" name="googleSearchTest" time="3.799"/>
  <testcase classname="example.example.tests.GoogleSearchTest" name="googleMapSearchTest" time="11.459"/>
</testsuite> <!-- example.example.tests.GoogleSearchTest -->
